This is pdfTeX, Version 3.1415926-1.40.9 (MiKTeX 2.7) (preloaded format=latex 2009.3.24)  14 SEP 2009 12:29
entering extended mode
**main
(main.tex
LaTeX2e <2005/12/01>
Babel <v3.8l> and hyphenation patterns for english, dumylang, nohyphenation, ge
rman, ngerman, german-x-2008-06-18, ngerman-x-2008-06-18, french, loaded.
("C:\Archivos de programa\MiKTeX 2.7\tex\latex\base\report.cls"
Document Class: report 2005/09/16 v1.4f Standard LaTeX document class
("C:\Archivos de programa\MiKTeX 2.7\tex\latex\base\size12.clo"
File: size12.clo 2005/09/16 v1.4f Standard LaTeX file (size option)
)
\c@part=\count79
\c@chapter=\count80
\c@section=\count81
\c@subsection=\count82
\c@subsubsection=\count83
\c@paragraph=\count84
\c@subparagraph=\count85
\c@figure=\count86
\c@table=\count87
\abovecaptionskip=\skip41
\belowcaptionskip=\skip42
\bibindent=\dimen102
)
("C:\Archivos de programa\MiKTeX 2.7\tex\latex\geometry\geometry.sty"
Package: geometry 2008/12/21 v4.2 Page Geometry

("C:\Archivos de programa\MiKTeX 2.7\tex\latex\graphics\keyval.sty"
Package: keyval 1999/03/16 v1.13 key=value parser (DPC)
\KV@toks@=\toks14
)
("C:\Archivos de programa\MiKTeX 2.7\tex\generic\oberdiek\ifpdf.sty"
Package: ifpdf 2007/12/12 v1.6 Provides the ifpdf switch (HO)
Package ifpdf Info: pdfTeX in pdf mode not detected.
)
("C:\Archivos de programa\MiKTeX 2.7\tex\generic\oberdiek\ifvtex.sty"
Package: ifvtex 2008/11/04 v1.4 Switches for detecting VTeX and its modes (HO)
Package ifvtex Info: VTeX not detected.
)
\Gm@cnth=\count88
\Gm@cntv=\count89
\c@Gm@tempcnt=\count90
\Gm@bindingoffset=\dimen103
\Gm@wd@mp=\dimen104
\Gm@odd@mp=\dimen105
\Gm@even@mp=\dimen106
\Gm@dimlist=\toks15

("C:\Archivos de programa\MiKTeX 2.7\tex\latex\geometry\geometry.cfg"))
("C:\Archivos de programa\MiKTeX 2.7\tex\generic\babel\babel.sty"
Package: babel 2008/07/06 v3.8l The Babel package

*************************************
* Local config file bblopts.cfg used
*
("C:\Archivos de programa\MiKTeX 2.7\tex\latex\00miktex\bblopts.cfg"
File: bblopts.cfg 2006/07/31 v1.0 MiKTeX 'babel' configuration
)
("C:\Archivos de programa\MiKTeX 2.7\tex\generic\babel\spanish.ldf"
Language: spanish.ldf 2008/07/06 v5.0e Spanish support from the babel system

("C:\Archivos de programa\MiKTeX 2.7\tex\generic\babel\babel.def"
File: babel.def 2008/07/06 v3.8l Babel common definitions
\babel@savecnt=\count91
\U@D=\dimen107
)

Package babel Warning: No hyphenation patterns were loaded for
(babel)                the language `Spanish'
(babel)                I will use the patterns loaded for \language=0 instead.

\l@spanish = a dialect from \language0
\es@datefmt=\count92
\es@quottoks=\toks16
\es@quotdepth=\count93
Package babel Info: Making " an active character on input line 490.
Package babel Info: Making . an active character on input line 583.
Package babel Info: Making < an active character on input line 628.
Package babel Info: Making > an active character on input line 628.
)) ("C:\Archivos de programa\MiKTeX 2.7\tex\latex\setspace\setspace.sty"
Package: setspace 2000/12/01 6.7 Contributed and Supported LaTeX2e package

Package: `setspace' 6.7 <2000/12/01>
) ("C:\Archivos de programa\MiKTeX 2.7\tex\latex\cite\cite.sty"
LaTeX Info: Redefining \cite on input line 149.
LaTeX Info: Redefining \nocite on input line 214.
Package: cite 2003/11/04  v 4.01
)
("C:\Archivos de programa\MiKTeX 2.7\tex\latex\ltxmisc\url.sty"
\Urlmuskip=\muskip10
Package: url 2006/04/12  ver 3.3  Verb mode for urls, etc.
)
("C:\Archivos de programa\MiKTeX 2.7\tex\latex\fancyhdr\fancyhdr.sty"
\fancy@headwidth=\skip43
\f@ncyO@elh=\skip44
\f@ncyO@erh=\skip45
\f@ncyO@olh=\skip46
\f@ncyO@orh=\skip47
\f@ncyO@elf=\skip48
\f@ncyO@erf=\skip49
\f@ncyO@olf=\skip50
\f@ncyO@orf=\skip51
)
("C:\Archivos de programa\MiKTeX 2.7\tex\latex\base\fontenc.sty"
Package: fontenc 2005/09/27 v1.99g Standard LaTeX package

("C:\Archivos de programa\MiKTeX 2.7\tex\latex\base\t1enc.def"
File: t1enc.def 2005/09/27 v1.99g Standard LaTeX file
LaTeX Font Info:    Redeclaring font encoding T1 on input line 43.
))
("C:\Archivos de programa\MiKTeX 2.7\tex\latex\base\inputenc.sty"
Package: inputenc 2006/05/05 v1.1b Input encoding file
\inpenc@prehook=\toks17
\inpenc@posthook=\toks18

("C:\Archivos de programa\MiKTeX 2.7\tex\latex\base\latin1.def"
File: latin1.def 2006/05/05 v1.1b Input encoding file
))
("C:\Archivos de programa\MiKTeX 2.7\tex\latex\graphics\epsfig.sty"
Package: epsfig 1999/02/16 v1.7a (e)psfig emulation (SPQR)

("C:\Archivos de programa\MiKTeX 2.7\tex\latex\graphics\graphicx.sty"
Package: graphicx 1999/02/16 v1.0f Enhanced LaTeX Graphics (DPC,SPQR)

("C:\Archivos de programa\MiKTeX 2.7\tex\latex\graphics\graphics.sty"
Package: graphics 2006/02/20 v1.0o Standard LaTeX Graphics (DPC,SPQR)

("C:\Archivos de programa\MiKTeX 2.7\tex\latex\graphics\trig.sty"
Package: trig 1999/03/16 v1.09 sin cos tan (DPC)
)
("C:\Archivos de programa\MiKTeX 2.7\tex\latex\00miktex\graphics.cfg"
File: graphics.cfg 2007/01/18 v1.5 graphics configuration of teTeX/TeXLive
)
Package graphics Info: Driver file: dvips.def on input line 90.

("C:\Archivos de programa\MiKTeX 2.7\tex\latex\graphics\dvips.def"
File: dvips.def 1999/02/16 v3.0i Driver-dependant file (DPC,SPQR)
))
\Gin@req@height=\dimen108
\Gin@req@width=\dimen109
)
\epsfxsize=\dimen110
\epsfysize=\dimen111
)
("C:\Archivos de programa\MiKTeX 2.7\tex\latex\tools\indentfirst.sty"
Package: indentfirst 1995/11/23 v1.03 Indent first paragraph (DPC)
)

LaTeX Warning: Unused global option(s):
    [letter].

(main.aux)
LaTeX Font Info:    Checking defaults for OML/cmm/m/it on input line 30.
LaTeX Font Info:    ... okay on input line 30.
LaTeX Font Info:    Checking defaults for T1/cmr/m/n on input line 30.
LaTeX Font Info:    ... okay on input line 30.
LaTeX Font Info:    Checking defaults for OT1/cmr/m/n on input line 30.
LaTeX Font Info:    ... okay on input line 30.
LaTeX Font Info:    Checking defaults for OMS/cmsy/m/n on input line 30.
LaTeX Font Info:    ... okay on input line 30.
LaTeX Font Info:    Checking defaults for OMX/cmex/m/n on input line 30.
LaTeX Font Info:    ... okay on input line 30.
LaTeX Font Info:    Checking defaults for U/cmr/m/n on input line 30.
LaTeX Font Info:    ... okay on input line 30.

*geometry auto-detecting driver*
*geometry detected driver: dvips*
-------------------- Geometry parameters
paper: class default
landscape: --
twocolumn: --
twoside: --
asymmetric: --
h-parts: 71.13188pt, 486.25761pt, 56.9055pt
v-parts: 71.13188pt, 666.9326pt, 56.9055pt
hmarginratio: --
vmarginratio: --
lines: --
heightrounded: --
bindingoffset: 0.0pt
truedimen: --
includehead: --
includefoot: --
includemp: --
driver: dvips
-------------------- Page layout dimensions and switches
\paperwidth  614.295pt
\paperheight 794.96999pt
\textwidth  486.25761pt
\textheight 666.9326pt
\oddsidemargin  -1.1381pt
\evensidemargin -1.1381pt
\topmargin  -38.1381pt
\headheight 12.0pt
\headsep    25.0pt
\footskip   30.0pt
\marginparwidth 44.0pt
\marginparsep   10.0pt
\columnsep  10.0pt
\skip\footins  10.8pt plus 4.0pt minus 2.0pt
\hoffset 0.0pt
\voffset 0.0pt
\mag 1000

(1in=72.27pt, 1cm=28.45pt)
-----------------------
(portada.tex) [1

] (resumen.tex
LaTeX Font Info:    External font `cmex10' loaded for size
(Font)              <12> on input line 1.
LaTeX Font Info:    External font `cmex10' loaded for size
(Font)              <8> on input line 1.
LaTeX Font Info:    External font `cmex10' loaded for size
(Font)              <6> on input line 1.
) [1] (main.toc

Package Fancyhdr Warning: \headheight is too small (12.0pt): 
 Make it at least 14.49998pt.
 We now make it that large for the rest of the document.
 This may cause the page layout to be inconsistent, however.

[1

] [2] [3])
\tf@toc=\write3
 [4] (main.lof [5

])
\tf@lof=\write4
 [6] (main.lot)
\tf@lot=\write5
 [7

] (anexos/glosario.tex
[8

] [9]) [10]
Cap\'{\i }tulo 1.
(introduccion/main.tex
LaTeX Font Info:    External font `cmex10' loaded for size
(Font)              <7> on input line 8.
LaTeX Font Info:    External font `cmex10' loaded for size
(Font)              <5> on input line 8.
 [1

] (introduccion/motivacion.tex [2])
(introduccion/descripcion.tex
File: images/image03.eps Graphic file (type eps)
 <images/image03.eps> [3])
(introduccion/estructura.tex [4])) [5]
Cap\'{\i }tulo 2.
(antecedentes/main.tex (antecedentes/conceptos.tex [6

]
File: images/image04.eps Graphic file (type eps)
 <images/image04.eps>
[7] [8] [9]) (antecedentes/requerimientos.tex [10]
LaTeX Font Info:    Try loading font information for OMS+cmr on input line 18.

("C:\Archivos de programa\MiKTeX 2.7\tex\latex\base\omscmr.fd"
File: omscmr.fd 1999/05/25 v2.5h Standard LaTeX font definitions
)
LaTeX Font Info:    Font shape `OMS/cmr/m/n' in size <12> not available
(Font)              Font shape `OMS/cmsy/m/n' tried instead on input line 18.
 [11] [12])
[13] (antecedentes/soluciones_existentes/main.tex
(antecedentes/soluciones_existentes/boinc/main.tex [14]
File: images/image05.eps Graphic file (type eps)
 <images/image05.eps>
[15])
LaTeX Font Info:    External font `cmex10' loaded for size
(Font)              <14.4> on input line 4.
 (antecedentes/soluciones_existentes/q2adpz/main.tex [16]
(antecedentes/soluciones_existentes/q2adpz/caracteristicas.tex)
(antecedentes/soluciones_existentes/q2adpz/modos_de_uso.tex [17])
(antecedentes/soluciones_existentes/q2adpz/arquitectura.tex
File: images/image01.eps Graphic file (type eps)

<images/image01.eps>) [18]
(antecedentes/soluciones_existentes/q2adpz/comunicacion.tex
File: images/image02.eps Graphic file (type eps)

<images/image02.eps>) [19]) [20])) [21]
Cap\'{\i }tulo 3.
(arquitectura/main.tex (arquitectura/descripcion_general.tex
File: images/image06.eps Graphic file (type eps)

<images/image06.eps>) (arquitectura/elementos_del_sistema.tex [22

] [23])
(arquitectura/funcionamiento_del_sistema.tex [24] [25]
File: images/image07.eps Graphic file (type eps)
 <images/image07.eps>
[26] [27]
File: images/image08.eps Graphic file (type eps)
 <images/image08.eps>
File: images/image09.eps Graphic file (type eps)
 <images/image09.eps>
Overfull \hbox (0.43741pt too wide) in paragraph at lines 78--79
[]\T1/cmr/m/n/12 El pro-gra-ma a eje-cu-tar por la tarea no se en-cuen-tra en l
a lista de apli-ca-ciones no disponibles
 []

[28] [29] [30]) (arquitectura/otras_funcionalidades.tex [31]
File: images/image10.eps Graphic file (type eps)

<images/image10.eps>
File: images/image12.eps Graphic file (type eps)
 <images/image12.eps> [32]
File: images/image11.eps Graphic file (type eps)
 <images/image11.eps> [33]
[34] [35] [36]) (arquitectura/modelo_de_datos.tex
File: images/image38.eps Graphic file (type eps)
 <images/image38.eps> [37]
[38] [39] [40] [41])) [42]
Cap\'{\i }tulo 4.
(implementacion/main.tex (implementacion/descripcion_general.tex
File: images/image13.eps Graphic file (type eps)

<images/image13.eps>) (implementacion/especificacion_trabajo.tex [43

] [44]
Overfull \hbox (3.23393pt too wide) in paragraph at lines 7--9
\T1/cmr/m/n/12 Manejar un gran número de archivos rep-re-sen-ta un prob-le-ma. 
Los sis-temas de archivos jerárquicos
 []

[45]
File: images/image14.eps Graphic file (type eps)
 <images/image14.eps>
LaTeX Font Info:    Try loading font information for T1+cmtt on input line 27.

("C:\Archivos de programa\MiKTeX 2.7\tex\latex\base\t1cmtt.fd"
File: t1cmtt.fd 1999/05/25 v2.5h Standard LaTeX font definitions
) [46])
(implementacion/especificacion_resultados.tex [47]) (implementacion/maestro.tex
File: images/image23.eps Graphic file (type eps)
<images/image23.eps> [48] [49]
Overfull \hbox (13.79527pt too wide) in paragraph at lines 44--44
[]\T1/cmtt/m/n/12 CREATE TABLE groups ( name TEXT , url TEXT , user TEXT , PRIM
ARY KEY ( name ) ) ;[] 
 []

[50]
Overfull \hbox (7.62178pt too wide) in paragraph at lines 81--81
[]\T1/cmtt/m/n/12 CREATE TABLE works ( idtask INTEGER , idslave INTEGER , PRIMA
RY KEY ( idtask ) )[] 
 []

) (implementacion/esclavo.tex [51]
File: images/image25.eps Graphic file (type eps)
 <images/image25.eps>

LaTeX Warning: Float too large for page by 2.13542pt on input line 12.

File: images/image24.eps Graphic file (type eps)
<images/image24.eps> [52] [53] [54])) [55]
Cap\'{\i }tulo 5.
(comunicacion/main.tex [56

] [57]
Overfull \hbox (11.60857pt too wide) in paragraph at lines 61--66
[] 
 []

[58]
Overfull \hbox (11.60857pt too wide) in paragraph at lines 133--138
[] 
 []

[59] [60] [61] [62] [63]
Overfull \hbox (30.12904pt too wide) in paragraph at lines 312--318
[] 
 []

[64]
File: images/image21.eps Graphic file (type eps)
 <images/image21.eps> [65] [66]
File: images/image22.eps Graphic file (type eps)
 <images/image22.eps>
File: images/image26.eps Graphic file (type eps)
 <images/image26.eps>
[67]
File: images/image28.eps Graphic file (type eps)
 <images/image28.eps> [68] [69] [70]
File: images/image27.eps Graphic file (type eps)
 <images/image27.eps> [71] [72]
File: images/image29.eps Graphic file (type eps)

<images/image29.eps> [73]
File: images/image30.eps Graphic file (type eps)
 <images/image30.eps>
File: images/image31.eps Graphic file (type eps)
 <images/image31.eps> [74]
[75]
File: images/image32.eps Graphic file (type eps)
 <images/image32.eps>
File: images/image33.eps Graphic file (type eps)
 <images/image33.eps> [76]
File: images/image35.eps Graphic file (type eps)
 <images/image35.eps>
[77]
File: images/image36.eps Graphic file (type eps)
 <images/image36.eps>
File: images/image20.eps Graphic file (type eps)
 <images/image20.eps> [78]
Overfull \hbox (17.78206pt too wide) in paragraph at lines 701--705
[] 
 []

[79]) [80]
Cap\'{\i }tulo 6.
(evaluacion/main.tex (evaluacion/colmena.tex
File: images/image15.eps Graphic file (type eps)
 <images/image15.eps>
File: images/image16.eps Graphic file (type eps)

<images/image16.eps> [81

] [82]) (evaluacion/prueba.tex [83]
File: images/image17.eps Graphic file (type eps)

<images/image17.eps>
File: images/image18.eps Graphic file (type eps)
 <images/image18.eps>) (evaluacion/evaluacion.tex [84]
[85]
File: images/image37.eps Graphic file (type eps)
 <images/image37.eps> [86] [87])) [88]
Cap\'{\i }tulo 7.
(conclusiones/main.tex [89

] [90]
File: images/image19.eps Graphic file (type eps)
 <images/image19.eps> [91]) (main.bbl [92]
[93

]
Underfull \hbox (badness 6047) in paragraph at lines 126--128
[]\T1/cmr/m/n/12 Milkyway@home [on-line].  Avail-able from: $\T1/cmtt/m/n/12 ht
tp : / / milkyway . cs . rpi . edu /
 []

[94]) (anexos/main.tex [95]
Anexo A.
(anexos/instalacion_y_configuracion.tex [96

] [97] [98] [99] [100] [101]
[102]) [103]
Anexo B.
(anexos/definicion_mensaje.tex)) [104

] (main.aux) ) 
Here is how much of TeX's memory you used:
 2528 strings out of 95305
 32312 string characters out of 1182792
 92901 words of memory out of 1500000
 5541 multiletter control sequences out of 110000
 19201 words of font info for 43 fonts, out of 3000000 for 5000
 24 hyphenation exceptions out of 8191
 33i,12n,48p,1817b,569s stack positions out of 5000i,500n,10000p,200000b,50000s

Output written on main.dvi (116 pages, 298740 bytes).
